# JRE version: Java(TM) SE Runtime Environment (8.0_60-b27) (build 1.8.0_60-b27)
# Java VM: Java HotSpot(TM) 64-Bit Server VM (25.60-b23 mixed mode windows-amd64 compressed oops)
Heap:
 PSYoungGen      total 284672K, used 113659K [0x00000000d5d80000, 0x00000000ed300000, 0x0000000100000000)
  eden space 266752K, 37% used [0x00000000d5d80000,0x00000000dc066b10,0x00000000e6200000)
  from space 17920K, 69% used [0x00000000e6200000,0x00000000e6e18138,0x00000000e7380000)
  to   space 18432K, 0% used [0x00000000ec100000,0x00000000ec100000,0x00000000ed300000)
 ParOldGen       total 123904K, used 26740K [0x0000000081800000, 0x0000000089100000, 0x00000000d5d80000)
  object space 123904K, 21% used [0x0000000081800000,0x000000008321d0f0,0x0000000089100000)
 Metaspace       used 63450K, capacity 66970K, committed 67072K, reserved 1107968K
  class space    used 8309K, capacity 8915K, committed 8960K, reserved 1048576K
GC Heap History (10 events):
Event: 17.277 GC heap before
{Heap before GC invocations=12 (full 2):
 PSYoungGen      total 180736K, used 180733K [0x00000000d5d80000, 0x00000000e4c80000, 0x0000000100000000)
  eden space 167424K, 100% used [0x00000000d5d80000,0x00000000e0100000,0x00000000e0100000)
  from space 13312K, 99% used [0x00000000e0100000,0x00000000e0dff6f0,0x00000000e0e00000)
  to   space 15360K, 0% used [0x00000000e3d80000,0x00000000e3d80000,0x00000000e4c80000)
 ParOldGen       total 90624K, used 17881K [0x0000000081800000, 0x0000000087080000, 0x00000000d5d80000)
  object space 90624K, 19% used [0x0000000081800000,0x00000000829767e0,0x0000000087080000)
 Metaspace       used 48370K, capacity 50628K, committed 50944K, reserved 1093632K
  class space    used 6367K, capacity 6794K, committed 6912K, reserved 1048576K
Event: 17.292 GC heap after
Heap after GC invocations=12 (full 2):
 PSYoungGen      total 226304K, used 10208K [0x00000000d5d80000, 0x00000000e4b00000, 0x0000000100000000)
  eden space 212480K, 0% used [0x00000000d5d80000,0x00000000d5d80000,0x00000000e2d00000)
  from space 13824K, 73% used [0x00000000e3d80000,0x00000000e4778248,0x00000000e4b00000)
  to   space 15360K, 0% used [0x00000000e2d00000,0x00000000e2d00000,0x00000000e3c00000)
 ParOldGen       total 90624K, used 17889K [0x0000000081800000, 0x0000000087080000, 0x00000000d5d80000)
  object space 90624K, 19% used [0x0000000081800000,0x00000000829787e0,0x0000000087080000)
 Metaspace       used 48370K, capacity 50628K, committed 50944K, reserved 1093632K
  class space    used 6367K, capacity 6794K, committed 6912K, reserved 1048576K
}
Event: 21.368 GC heap before
{Heap before GC invocations=13 (full 2):
 PSYoungGen      total 226304K, used 222688K [0x00000000d5d80000, 0x00000000e4b00000, 0x0000000100000000)
  eden space 212480K, 100% used [0x00000000d5d80000,0x00000000e2d00000,0x00000000e2d00000)
  from space 13824K, 73% used [0x00000000e3d80000,0x00000000e4778248,0x00000000e4b00000)
  to   space 15360K, 0% used [0x00000000e2d00000,0x00000000e2d00000,0x00000000e3c00000)
 ParOldGen       total 90624K, used 17889K [0x0000000081800000, 0x0000000087080000, 0x00000000d5d80000)
  object space 90624K, 19% used [0x0000000081800000,0x00000000829787e0,0x0000000087080000)
 Metaspace       used 54924K, capacity 57834K, committed 57856K, reserved 1099776K
  class space    used 7168K, capacity 7675K, committed 7680K, reserved 1048576K
Event: 21.401 GC heap after
Heap after GC invocations=13 (full 2):
 PSYoungGen      total 227840K, used 15347K [0x00000000d5d80000, 0x00000000e8580000, 0x0000000100000000)
  eden space 212480K, 0% used [0x00000000d5d80000,0x00000000d5d80000,0x00000000e2d00000)
  from space 15360K, 99% used [0x00000000e2d00000,0x00000000e3bfcfb0,0x00000000e3c00000)
  to   space 18432K, 0% used [0x00000000e7380000,0x00000000e7380000,0x00000000e8580000)
 ParOldGen       total 90624K, used 21114K [0x0000000081800000, 0x0000000087080000, 0x00000000d5d80000)
  object space 90624K, 23% used [0x0000000081800000,0x0000000082c9e8e0,0x0000000087080000)
 Metaspace       used 54924K, capacity 57834K, committed 57856K, reserved 1099776K
  class space    used 7168K, capacity 7675K, committed 7680K, reserved 1048576K
}
Event: 21.871 GC heap before
{Heap before GC invocations=14 (full 2):
 PSYoungGen      total 227840K, used 35532K [0x00000000d5d80000, 0x00000000e8580000, 0x0000000100000000)
  eden space 212480K, 9% used [0x00000000d5d80000,0x00000000d7136360,0x00000000e2d00000)
  from space 15360K, 99% used [0x00000000e2d00000,0x00000000e3bfcfb0,0x00000000e3c00000)
  to   space 18432K, 0% used [0x00000000e7380000,0x00000000e7380000,0x00000000e8580000)
 ParOldGen       total 90624K, used 21114K [0x0000000081800000, 0x0000000087080000, 0x00000000d5d80000)
  object space 90624K, 23% used [0x0000000081800000,0x0000000082c9e8e0,0x0000000087080000)
 Metaspace       used 56101K, capacity 59022K, committed 59136K, reserved 1099776K
  class space    used 7348K, capacity 7853K, committed 7936K, reserved 1048576K
Event: 21.907 GC heap after
Heap after GC invocations=14 (full 2):
 PSYoungGen      total 285184K, used 7180K [0x00000000d5d80000, 0x00000000e9d00000, 0x0000000100000000)
  eden space 266752K, 0% used [0x00000000d5d80000,0x00000000d5d80000,0x00000000e6200000)
  from space 18432K, 38% used [0x00000000e7380000,0x00000000e7a831b8,0x00000000e8580000)
  to   space 17920K, 0% used [0x00000000e6200000,0x00000000e6200000,0x00000000e7380000)
 ParOldGen       total 90624K, used 29523K [0x0000000081800000, 0x0000000087080000, 0x00000000d5d80000)
  object space 90624K, 32% used [0x0000000081800000,0x00000000834d4cb8,0x0000000087080000)
 Metaspace       used 56101K, capacity 59022K, committed 59136K, reserved 1099776K
  class space    used 7348K, capacity 7853K, committed 7936K, reserved 1048576K
}
Event: 21.907 GC heap before
{Heap before GC invocations=15 (full 3):
 PSYoungGen      total 285184K, used 7180K [0x00000000d5d80000, 0x00000000e9d00000, 0x0000000100000000)
  eden space 266752K, 0% used [0x00000000d5d80000,0x00000000d5d80000,0x00000000e6200000)
  from space 18432K, 38% used [0x00000000e7380000,0x00000000e7a831b8,0x00000000e8580000)
  to   space 17920K, 0% used [0x00000000e6200000,0x00000000e6200000,0x00000000e7380000)
 ParOldGen       total 90624K, used 29523K [0x0000000081800000, 0x0000000087080000, 0x00000000d5d80000)
  object space 90624K, 32% used [0x0000000081800000,0x00000000834d4cb8,0x0000000087080000)
 Metaspace       used 56101K, capacity 59022K, committed 59136K, reserved 1099776K
  class space    used 7348K, capacity 7853K, committed 7936K, reserved 1048576K
Event: 22.260 GC heap after
Heap after GC invocations=15 (full 3):
 PSYoungGen      total 285184K, used 0K [0x00000000d5d80000, 0x00000000e9d00000, 0x0000000100000000)
  eden space 266752K, 0% used [0x00000000d5d80000,0x00000000d5d80000,0x00000000e6200000)
  from space 18432K, 0% used [0x00000000e7380000,0x00000000e7380000,0x00000000e8580000)
  to   space 17920K, 0% used [0x00000000e6200000,0x00000000e6200000,0x00000000e7380000)
 ParOldGen       total 123904K, used 26732K [0x0000000081800000, 0x0000000089100000, 0x00000000d5d80000)
  object space 123904K, 21% used [0x0000000081800000,0x000000008321b0f0,0x0000000089100000)
 Metaspace       used 56101K, capacity 59022K, committed 59136K, reserved 1099776K
  class space    used 7348K, capacity 7853K, committed 7936K, reserved 1048576K
}
Event: 25.812 GC heap before
{Heap before GC invocations=16 (full 3):
 PSYoungGen      total 285184K, used 266752K [0x00000000d5d80000, 0x00000000e9d00000, 0x0000000100000000)
  eden space 266752K, 100% used [0x00000000d5d80000,0x00000000e6200000,0x00000000e6200000)
  from space 18432K, 0% used [0x00000000e7380000,0x00000000e7380000,0x00000000e8580000)
  to   space 17920K, 0% used [0x00000000e6200000,0x00000000e6200000,0x00000000e7380000)
 ParOldGen       total 123904K, used 26732K [0x0000000081800000, 0x0000000089100000, 0x00000000d5d80000)
  object space 123904K, 21% used [0x0000000081800000,0x000000008321b0f0,0x0000000089100000)
 Metaspace       used 62695K, capacity 66074K, committed 66176K, reserved 1105920K
  class space    used 8194K, capacity 8775K, committed 8832K, reserved 1048576K
Event: 25.833 GC heap after
Heap after GC invocations=16 (full 3):
 PSYoungGen      total 284672K, used 12384K [0x00000000d5d80000, 0x00000000ed300000, 0x0000000100000000)
  eden space 266752K, 0% used [0x00000000d5d80000,0x00000000d5d80000,0x00000000e6200000)
  from space 17920K, 69% used [0x00000000e6200000,0x00000000e6e18138,0x00000000e7380000)
  to   space 18432K, 0% used [0x00000000ec100000,0x00000000ec100000,0x00000000ed300000)
 ParOldGen       total 123904K, used 26740K [0x0000000081800000, 0x0000000089100000, 0x00000000d5d80000)
  object space 123904K, 21% used [0x0000000081800000,0x000000008321d0f0,0x0000000089100000)
 Metaspace       used 62695K, capacity 66074K, committed 66176K, reserved 1105920K
  class space    used 8194K, capacity 8775K, committed 8832K, reserved 1048576K
}

