<?xml version="1.0" encoding="UTF-8"?>
<testsuite xmlns:xsi="http://www.w3.org/2001/XMLSchema-instance" xsi:noNamespaceSchemaLocation="https://maven.apache.org/surefire/maven-surefire-plugin/xsd/surefire-test-report.xsd" name="com.bysj.office.common.system.RoleMenuServiceTest" time="0.113" tests="4" errors="0" skipped="0" failures="0">
  <properties>
[...]
</properties>
  <testcase name="testOne" classname="com.bysj.office.common.system.RoleMenuServiceTest" time="0.008"/>
  <testcase name="save" classname="com.bysj.office.common.system.RoleMenuServiceTest" time="0.028"/>
  <testcase name="findRoleMenus" classname="com.bysj.office.common.system.RoleMenuServiceTest" time="0.06"/>
  <testcase name="deleteRoleMenu" classname="com.bysj.office.common.system.RoleMenuServiceTest" time="0.003"/>
</testsuite>